2025-10-02 15:23:48 - migration_structure - DEBUG - [_setup_logging:210] - Sistema de logging configurado com sucesso
2025-10-02 15:23:48 - migration_structure - INFO - [__init__:169] - ================================================================================
2025-10-02 15:23:48 - migration_structure - INFO - [__init__:170] - PostgreSQL Structure Migrator v1.0.0 Iniciado
2025-10-02 15:23:48 - migration_structure - INFO - [__init__:171] - Data: 2025-10-02T18:23:48.223989+00:00
2025-10-02 15:23:48 - migration_structure - INFO - [__init__:172] - ================================================================================
2025-10-02 15:23:48 - migration_structure - INFO - [load_configurations:240] - 🔧 Carregando configurações do sistema...
2025-10-02 15:23:48 - migration_structure - DEBUG - [load_configurations:244] - Carregando configuração do servidor de origem...
2025-10-02 15:23:48 - migration_structure - INFO - [load_configurations:261] - ✅ Configuração de origem carregada: wf004.vya.digital:5432
2025-10-02 15:23:48 - migration_structure - DEBUG - [load_configurations:265] - Carregando configuração do servidor de destino...
2025-10-02 15:23:48 - migration_structure - INFO - [load_configurations:284] - ✅ Configuração de destino carregada: wfdb02.vya.digital:6432 (porta direta)
2025-10-02 15:23:48 - migration_structure - DEBUG - [load_configurations:288] - Carregando regras de migração...
2025-10-02 15:23:48 - migration_structure - INFO - [load_configurations:297] - ✅ Regras de migração carregadas: 4 fases configuradas
2025-10-02 15:23:48 - migration_structure - INFO - [load_configurations:300] - 🎯 Todas as configurações carregadas com sucesso!
2025-10-02 15:23:48 - migration_structure - INFO - [test_connectivity:414] - 🔍 Testando conectividade com servidores PostgreSQL...
2025-10-02 15:23:48 - migration_structure - DEBUG - [test_connectivity:421] - Testando conectividade com servidor de origem...
2025-10-02 15:23:48 - migration_structure - DEBUG - [get_connection:354] - 🔌 Estabelecendo conexão: wf004.vya.digital:5432/postgres
2025-10-02 15:23:49 - migration_structure - ERROR - [get_connection:375] - ❌ Erro de conectividade: connection to server at "wf004.vya.digital" (154.53.36.3), port 5432 failed: FATAL:  password authentication failed for user "migration_user"
connection to server at "wf004.vya.digital" (154.53.36.3), port 5432 failed: FATAL:  password authentication failed for user "migration_user"

2025-10-02 15:23:49 - migration_structure - ERROR - [test_connectivity:469] - ❌ Falha no teste de conectividade: connection to server at "wf004.vya.digital" (154.53.36.3), port 5432 failed: FATAL:  password authentication failed for user "migration_user"
connection to server at "wf004.vya.digital" (154.53.36.3), port 5432 failed: FATAL:  password authentication failed for user "migration_user"

2025-10-02 15:23:49 - migration_structure - DEBUG - [test_connectivity:470] - Traceback completo:
Traceback (most recent call last):
  File "/home/yves_marinho/Documentos/DevOps/Vya-Jobs/enterprise-database-install/src/postgresql/migration_structure.py", line 422, in test_connectivity
    with self.get_connection(self.source_config) as conn:
  File "/home/yves_marinho/.local/share/uv/python/cpython-3.12.3-linux-x86_64-gnu/lib/python3.12/contextlib.py", line 137, in __enter__
    return next(self.gen)
           ^^^^^^^^^^^^^^
  File "/home/yves_marinho/Documentos/DevOps/Vya-Jobs/enterprise-database-install/src/postgresql/migration_structure.py", line 368, in get_connection
    conn = psycopg2.connect(conn_string)
           ^^^^^^^^^^^^^^^^^^^^^^^^^^^^^
  File "/home/yves_marinho/Documentos/DevOps/Vya-Jobs/enterprise-database-install/src/postgresql/.venv/lib/python3.12/site-packages/psycopg2/__init__.py", line 122, in connect
    conn = _connect(dsn, connection_factory=connection_factory, **kwasync)
           ^^^^^^^^^^^^^^^^^^^^^^^^^^^^^^^^^^^^^^^^^^^^^^^^^^^^^^^^^^^^^^^
psycopg2.OperationalError: connection to server at "wf004.vya.digital" (154.53.36.3), port 5432 failed: FATAL:  password authentication failed for user "migration_user"
connection to server at "wf004.vya.digital" (154.53.36.3), port 5432 failed: FATAL:  password authentication failed for user "migration_user"

